// 重构日志: 7da1727e
// 重构日志: 04eeb156
// 重构日志: 22ad2edd
// 同步 ID: ad45f9fb @ Sun Jun 21 19:30:49 UTC 2026
// 重构日志: f13a6c6c
// 重构日志: 23c00303
// 重构日志: 0056d7cc
// 同步 ID: acbe4808 @ Tue Jun 23 16:25:45 UTC 2026
// 重构日志: 232838aa
// 重构日志: 49eb875d
// 重构日志: fec56628
// 重构日志: fbc4efef
// 重构日志: d45471cc
// 同步 ID: 90c3f5ee @ Sat Jun 27 12:45:48 UTC 2026
// 同步 ID: 372624d0 @ Sat Jun 27 17:45:13 UTC 2026
// 重构日志: a10fbfc5
// 重构日志: f92496ad
// 同步 ID: 543158ce @ Sun Jun 28 01:58:26 UTC 2026
// 重构日志: b77a3283
// 重构日志: 399d062c
// 同步 ID: 20c81e40 @ Sun Jun 28 14:58:53 UTC 2026
// 重构日志: 83add381
// 同步 ID: 4e6df5ff @ Mon Jun 29 05:18:19 UTC 2026
// 重构日志: 0007ce2e
// 重构日志: 8f9c8ae4
// 同步 ID: d21592ef @ Tue Jun 30 20:14:04 UTC 2026
// 重构日志: 6793e724
// 重构日志: 8478dd32
// 重构日志: dc42310a
// 同步 ID: 2f25d370 @ Sun Jul  5 09:56:33 UTC 2026
// 重构日志: fa005950
// 重构日志: 1bab08df
// 重构日志: bbdaea94
// 重构日志: 8075ef17
